g:\vsprojects\survivalgame\survivalgame\debug\vc140.pdb
g:\vsprojects\survivalgame\survivalgame\debug\vc140.idb
g:\vsprojects\survivalgame\survivalgame\debug\input.obj
g:\vsprojects\survivalgame\survivalgame\debug\lightsystem.obj
g:\vsprojects\survivalgame\survivalgame\debug\lodepng.obj
g:\vsprojects\survivalgame\survivalgame\debug\noiseutils.obj
g:\vsprojects\survivalgame\survivalgame\debug\pointlight.obj
g:\vsprojects\survivalgame\survivalgame\debug\radiancegen.obj
g:\vsprojects\survivalgame\survivalgame\debug\shader.obj
g:\vsprojects\survivalgame\survivalgame\debug\engine.obj
g:\vsprojects\survivalgame\survivalgame\debug\game.obj
g:\vsprojects\survivalgame\survivalgame\debug\globalsystem.obj
g:\vsprojects\survivalgame\survivalgame\debug\main.obj
g:\vsprojects\survivalgame\survivalgame\debug\meshsystem.obj
g:\vsprojects\survivalgame\survivalgame\debug\renderer.obj
g:\vsprojects\survivalgame\survivalgame\debug\renderwindow.obj
g:\vsprojects\survivalgame\survivalgame\debug\ssao.obj
g:\vsprojects\survivalgame\survivalgame\debug\staticmesh.obj
g:\vsprojects\survivalgame\survivalgame\debug\sun.obj
g:\vsprojects\survivalgame\survivalgame\debug\camera.obj
g:\vsprojects\survivalgame\survivalgame\debug\fbotexture.obj
g:\vsprojects\survivalgame\survivalgame\debug\gbuffer.obj
g:\vsprojects\survivalgame\survivalgame\debug\skybox.obj
g:\vsprojects\survivalgame\survivalgame\debug\pipeline.obj
g:\vsprojects\survivalgame\survivalgame\debug\terraingen.obj
g:\vsprojects\survivalgame\survivalgame\debug\texture.obj
g:\vsprojects\survivalgame\survivalgame\debug\tiny_obj_loader.obj
g:\vsprojects\survivalgame\debug\game.pdb
g:\vsprojects\survivalgame\survivalgame\debug\survivialgame.tlog\cl.command.1.tlog
g:\vsprojects\survivalgame\survivalgame\debug\survivialgame.tlog\cl.read.1.tlog
g:\vsprojects\survivalgame\survivalgame\debug\survivialgame.tlog\cl.write.1.tlog
g:\vsprojects\survivalgame\survivalgame\debug\survivialgame.tlog\fxc.command.1.tlog
g:\vsprojects\survivalgame\survivalgame\debug\survivialgame.tlog\fxc.read.1.tlog
g:\vsprojects\survivalgame\survivalgame\debug\survivialgame.tlog\fxc.write.1.tlog
g:\vsprojects\survivalgame\survivalgame\debug\survivialgame.tlog\link.164972-cvtres.read.1.tlog
g:\vsprojects\survivalgame\survivalgame\debug\survivialgame.tlog\link.164972-cvtres.write.1.tlog
g:\vsprojects\survivalgame\survivalgame\debug\survivialgame.tlog\link.164972-rc.read.1.tlog
g:\vsprojects\survivalgame\survivalgame\debug\survivialgame.tlog\link.164972-rc.write.1.tlog
g:\vsprojects\survivalgame\survivalgame\debug\survivialgame.tlog\link.164972.read.1.tlog
g:\vsprojects\survivalgame\survivalgame\debug\survivialgame.tlog\link.164972.write.1.tlog
g:\vsprojects\survivalgame\survivalgame\debug\survivialgame.tlog\link.command.1.tlog
g:\vsprojects\survivalgame\survivalgame\debug\survivialgame.tlog\link.read.1.tlog
g:\vsprojects\survivalgame\survivalgame\debug\survivialgame.tlog\link.write.1.tlog
