g:\vsprojects\survivalgame\survivalgame\debug\vc140.pdb
g:\vsprojects\survivalgame\survivalgame\debug\vc140.idb
g:\vsprojects\survivalgame\survivalgame\debug\camera.obj
g:\vsprojects\survivalgame\survivalgame\debug\input.obj
g:\vsprojects\survivalgame\survivalgame\debug\shader.obj
g:\vsprojects\survivalgame\survivalgame\debug\engine.obj
g:\vsprojects\survivalgame\survivalgame\debug\game.obj
g:\vsprojects\survivalgame\survivalgame\debug\globalsystem.obj
g:\vsprojects\survivalgame\survivalgame\debug\main.obj
g:\vsprojects\survivalgame\survivalgame\debug\meshsystem.obj
g:\vsprojects\survivalgame\survivalgame\debug\renderer.obj
g:\vsprojects\survivalgame\survivalgame\debug\renderwindow.obj
g:\vsprojects\survivalgame\survivalgame\debug\staticmesh.obj
g:\vsprojects\survivalgame\survivalgame\debug\terraingen.obj
g:\vsprojects\survivalgame\survivalgame\debug\tiny_obj_loader.obj
g:\vsprojects\survivalgame\debug\survivialgame.ilk
g:\vsprojects\survivalgame\debug\survivialgame.exe
g:\vsprojects\survivalgame\debug\survivialgame.pdb
g:\vsprojects\survivalgame\survivalgame\debug\survivialgame.tlog\cl.command.1.tlog
g:\vsprojects\survivalgame\survivalgame\debug\survivialgame.tlog\cl.read.1.tlog
g:\vsprojects\survivalgame\survivalgame\debug\survivialgame.tlog\cl.write.1.tlog
g:\vsprojects\survivalgame\survivalgame\debug\survivialgame.tlog\link.command.1.tlog
g:\vsprojects\survivalgame\survivalgame\debug\survivialgame.tlog\link.read.1.tlog
g:\vsprojects\survivalgame\survivalgame\debug\survivialgame.tlog\link.write.1.tlog
