Build started 04/01/2016 22:33:16.
     1>Project "G:\VSProjects\survivalgame\SurvivalGame\SurvivalGame.vcxproj" on node 2 (Build target(s)).
     1>C:\Program Files (x86)\MSBuild\Microsoft.Cpp\v4.0\V140\Microsoft.CppBuild.targets(392,5): warning MSB8028: The intermediate directory (Debug\) contains files shared from another project (SurvivalGame.vcxproj).  This can lead to incorrect clean and rebuild behavior.
     1>ClCompile:
         G:\Programs\VS2015\VC\bin\CL.exe /c /ZI /nologo /W3 /WX- /sdl /Od /Oy- /D WIN32 /D _DEBUG /D _CRT_SECURE_NO_WARNINGS /D _WINDOWS /D _UNICODE /D UNICODE /Gm /EHsc /RTC1 /MDd /GS /fp:precise /Zc:wchar_t /Zc:forScope /Zc:inline /Fo"Debug\\" /Fd"Debug\vc140.pdb" /Gd /TP /analyze- /errorReport:prompt Sun.cpp
         Sun.cpp
       Link:
         G:\Programs\VS2015\VC\bin\link.exe /ERRORREPORT:PROMPT /OUT:"G:\VSProjects\survivalgame\Debug\Game.exe" /INCREMENTAL /NOLOGO libnoise.lib glew32.lib glfw3.lib opengl32.lib kernel32.lib user32.lib gdi32.lib winspool.lib comdlg32.lib advapi32.lib shell32.lib ole32.lib oleaut32.lib uuid.lib odbc32.lib odbccp32.lib /MANIFEST /MANIFESTUAC:"level='asInvoker' uiAccess='false'" /manifest:embed /Debug /PDB:"G:\VSProjects\survivalgame\Debug\Game.pdb" /SUBSYSTEM:CONSOLE /TLBID:1 /DYNAMICBASE /NXCOMPAT /IMPLIB:"G:\VSProjects\survivalgame\Debug\Game.lib" /MACHINE:X86 Debug\Camera.obj
         Debug\FboTexture.obj
         Debug\GBuffer.obj
         Debug\Input.obj
         Debug\LightSystem.obj
         Debug\lodepng.obj
         Debug\noiseutils.obj
         Debug\PointLight.obj
         Debug\Shader.obj
         Debug\Engine.obj
         Debug\Game.obj
         Debug\GlobalSystem.obj
         Debug\main.obj
         Debug\MeshSystem.obj
         Debug\Renderer.obj
         Debug\RenderWindow.obj
         Debug\SSAO.obj
         Debug\StaticMesh.obj
         Debug\Sun.obj
         Debug\TerrainGen.obj
         Debug\Texture.obj
         Debug\tiny_obj_loader.obj
         SurvivalGame.vcxproj -> G:\VSProjects\survivalgame\Debug\Game.exe
     1>Done Building Project "G:\VSProjects\survivalgame\SurvivalGame\SurvivalGame.vcxproj" (Build target(s)).

Build succeeded.

Time Elapsed 00:00:00.74
