g:\vsprojects\survivalgame\hhengine32\debug\hhengine32.pch
g:\vsprojects\survivalgame\hhengine32\debug\vc140.pdb
g:\vsprojects\survivalgame\hhengine32\debug\vc140.idb
g:\vsprojects\survivalgame\hhengine32\debug\stdafx.obj
g:\vsprojects\survivalgame\hhengine32\debug\gbuffer.obj
g:\vsprojects\survivalgame\hhengine32\debug\globalsystem.obj
g:\vsprojects\survivalgame\hhengine32\debug\hhengine32.obj
g:\vsprojects\survivalgame\hhengine32\debug\input.obj
g:\vsprojects\survivalgame\hhengine32\debug\lightsystem.obj
g:\vsprojects\survivalgame\hhengine32\debug\lodepng.obj
g:\vsprojects\survivalgame\hhengine32\debug\main.obj
g:\vsprojects\survivalgame\hhengine32\debug\meshsystem.obj
g:\vsprojects\survivalgame\hhengine32\debug\pipeline.obj
g:\vsprojects\survivalgame\hhengine32\debug\pointlight.obj
g:\vsprojects\survivalgame\hhengine32\debug\radiancegen.obj
g:\vsprojects\survivalgame\hhengine32\debug\renderer.obj
g:\vsprojects\survivalgame\hhengine32\debug\renderwindow.obj
g:\vsprojects\survivalgame\hhengine32\debug\shader.obj
g:\vsprojects\survivalgame\hhengine32\debug\skybox.obj
g:\vsprojects\survivalgame\hhengine32\debug\ssao.obj
g:\vsprojects\survivalgame\hhengine32\debug\staticmesh.obj
g:\vsprojects\survivalgame\hhengine32\debug\sun.obj
g:\vsprojects\survivalgame\hhengine32\debug\texture.obj
g:\vsprojects\survivalgame\hhengine32\debug\tiny_obj_loader.obj
g:\vsprojects\survivalgame\hhengine32\debug\camerasystem.obj
g:\vsprojects\survivalgame\hhengine32\debug\engine.obj
g:\vsprojects\survivalgame\hhengine32\debug\fbotexture.obj
g:\vsprojects\survivalgame\hhengine32\debug\dllmain.obj
g:\vsprojects\survivalgame\hhengine32\debug\hhengine32.res
g:\vsprojects\survivalgame\hhengine32\debug\hhengine32.tlog\cl.command.1.tlog
g:\vsprojects\survivalgame\hhengine32\debug\hhengine32.tlog\cl.read.1.tlog
g:\vsprojects\survivalgame\hhengine32\debug\hhengine32.tlog\cl.write.1.tlog
g:\vsprojects\survivalgame\hhengine32\debug\hhengine32.tlog\link.command.1.tlog
g:\vsprojects\survivalgame\hhengine32\debug\hhengine32.tlog\link.read.1.tlog
g:\vsprojects\survivalgame\hhengine32\debug\hhengine32.tlog\link.write.1.tlog
g:\vsprojects\survivalgame\hhengine32\debug\hhengine32.tlog\rc.command.1.tlog
g:\vsprojects\survivalgame\hhengine32\debug\hhengine32.tlog\rc.read.1.tlog
g:\vsprojects\survivalgame\hhengine32\debug\hhengine32.tlog\rc.write.1.tlog
