g:\vsprojects\survivalgame\gamemodule\debug\gamemodule.pch
g:\vsprojects\survivalgame\gamemodule\debug\vc140.pdb
g:\vsprojects\survivalgame\gamemodule\debug\vc140.idb
g:\vsprojects\survivalgame\gamemodule\debug\stdafx.obj
g:\vsprojects\survivalgame\gamemodule\debug\camera.obj
g:\vsprojects\survivalgame\gamemodule\debug\game.obj
g:\vsprojects\survivalgame\gamemodule\debug\gamemodule.obj
g:\vsprojects\survivalgame\gamemodule\debug\main.obj
g:\vsprojects\survivalgame\gamemodule\debug\noiseutils.obj
g:\vsprojects\survivalgame\gamemodule\debug\terraingen.obj
g:\vsprojects\survivalgame\gamemodule\debug\dllmain.obj
g:\vsprojects\survivalgame\gamemodule\debug\gamemodule.tlog\cl.command.1.tlog
g:\vsprojects\survivalgame\gamemodule\debug\gamemodule.tlog\cl.read.1.tlog
g:\vsprojects\survivalgame\gamemodule\debug\gamemodule.tlog\cl.write.1.tlog
g:\vsprojects\survivalgame\gamemodule\debug\gamemodule.tlog\link-cvtres.read.1.tlog
g:\vsprojects\survivalgame\gamemodule\debug\gamemodule.tlog\link-cvtres.write.1.tlog
g:\vsprojects\survivalgame\gamemodule\debug\gamemodule.tlog\link-rc.read.1.tlog
g:\vsprojects\survivalgame\gamemodule\debug\gamemodule.tlog\link-rc.write.1.tlog
g:\vsprojects\survivalgame\gamemodule\debug\gamemodule.tlog\link.command.1.tlog
g:\vsprojects\survivalgame\gamemodule\debug\gamemodule.tlog\link.read.1.tlog
g:\vsprojects\survivalgame\gamemodule\debug\gamemodule.tlog\link.write.1.tlog
