Build started 16/03/2016 20:08:34.
     1>Project "G:\VSProjects\survivalgame\GameModule\GameModule.vcxproj" on node 2 (Build target(s)).
     1>C:\Program Files (x86)\MSBuild\Microsoft.Cpp\v4.0\V140\Microsoft.CppBuild.targets(368,5): warning MSB8004: Output Directory does not end with a trailing slash.  This build instance will add the slash as it is required to allow proper evaluation of the Output Directory.
     1>ClCompile:
         G:\Programs\VS2015\VC\bin\CL.exe /c /ZI /nologo /W3 /WX- /sdl /Od /Oy- /D WIN32 /D _DEBUG /D _WINDOWS /D _USRDLL /D GAMEMODULE_EXPORTS /D _WINDLL /D _UNICODE /D UNICODE /Gm /EHsc /RTC1 /MDd /GS /fp:precise /Zc:wchar_t /Zc:forScope /Zc:inline /Yu"stdafx.h" /Fp"Debug\GameModule.pch" /Fo"Debug\\" /Fd"Debug\vc140.pdb" /Gd /TP /analyze- /errorReport:prompt Game.cpp main.cpp
         main.cpp
         Game.cpp
     1>g:\vsprojects\survivalgame\gamemodule\noiseutils.h(1217): warning C4244: 'initializing': conversion from 'const double' to 'float', possible loss of data
         Generating Code...
       Link:
         G:\Programs\VS2015\VC\bin\link.exe /ERRORREPORT:PROMPT /OUT:"..\Debug\GameModule.dll" /INCREMENTAL /NOLOGO HHEngine32.lib glew32.lib glfw3.lib opengl32.lib libnoise.lib HHEngine32.lib kernel32.lib user32.lib gdi32.lib winspool.lib comdlg32.lib advapi32.lib shell32.lib ole32.lib oleaut32.lib uuid.lib odbc32.lib odbccp32.lib kernel32.lib user32.lib gdi32.lib winspool.lib comdlg32.lib advapi32.lib shell32.lib ole32.lib oleaut32.lib uuid.lib odbc32.lib odbccp32.lib /MANIFEST /MANIFESTUAC:"level='asInvoker' uiAccess='false'" /manifest:embed /Debug /PDB:"..\Debug\GameModule.pdb" /SUBSYSTEM:WINDOWS /TLBID:1 /DYNAMICBASE /NXCOMPAT /IMPLIB:"..\Debug\GameModule.lib" /MACHINE:X86 /DLL Debug\Camera.obj
         Debug\dllmain.obj
         Debug\Game.obj
         Debug\GameModule.obj
         Debug\main.obj
         Debug\noiseutils.obj
         Debug\stdafx.obj
         Debug\TerrainGen.obj
         GameModule.vcxproj -> G:\VSProjects\survivalgame\GameModule\..\Debug\GameModule.dll
     1>Done Building Project "G:\VSProjects\survivalgame\GameModule\GameModule.vcxproj" (Build target(s)).

Build succeeded.

Time Elapsed 00:00:01.11
